  FFOF.cpp
  Introduction.cpp
  MainCharacter.cpp
C:\Users\mechg\OneDrive\Desktop\CSE 103 Final Project\MainCharacter.cpp(68,13): error C2660: 'Formatting': function does not take 0 arguments
      C:\Users\mechg\OneDrive\Desktop\CSE 103 Final Project\FFOF.h(10,6):
      see declaration of 'Formatting'
      C:\Users\mechg\OneDrive\Desktop\CSE 103 Final Project\MainCharacter.cpp(68,13):
      while trying to match the argument list '()'
  
  Response.cpp
C:\Users\mechg\OneDrive\Desktop\CSE 103 Final Project\Response.cpp(52,3): warning C4551: function call missing argument list
C:\Users\mechg\OneDrive\Desktop\CSE 103 Final Project\Response.cpp(76,4): error C2660: 'Formatting': function does not take 0 arguments
      C:\Users\mechg\OneDrive\Desktop\CSE 103 Final Project\FFOF.h(10,6):
      see declaration of 'Formatting'
      C:\Users\mechg\OneDrive\Desktop\CSE 103 Final Project\Response.cpp(76,4):
      while trying to match the argument list '()'
  
  main.cpp
C:\Users\mechg\OneDrive\Desktop\CSE 103 Final Project\main.cpp(39,9): error C2660: 'Formatting': function does not take 0 arguments
      C:\Users\mechg\OneDrive\Desktop\CSE 103 Final Project\FFOF.h(10,6):
      see declaration of 'Formatting'
      C:\Users\mechg\OneDrive\Desktop\CSE 103 Final Project\main.cpp(39,9):
      while trying to match the argument list '()'
  
C:\Users\mechg\OneDrive\Desktop\CSE 103 Final Project\main.cpp(45,13): error C2660: 'Formatting': function does not take 0 arguments
      C:\Users\mechg\OneDrive\Desktop\CSE 103 Final Project\FFOF.h(10,6):
      see declaration of 'Formatting'
      C:\Users\mechg\OneDrive\Desktop\CSE 103 Final Project\main.cpp(45,13):
      while trying to match the argument list '()'
  
  Generating Code...
